<?xml version="1.0" encoding="UTF-8"?>
<!-- Generated by org.testng.reporters.JUnitReportReporter -->
<testsuite hostname="BGD-2242-PC" name="testng.Yokologin" tests="5" failures="0" timestamp="7 Sep 2020 17:20:09 GMT" time="2.718" errors="0">
  <testcase name="url" time="1.006" classname="testng.Yokologin"/>
  <testcase name="gettitle" time="0.044" classname="testng.Yokologin"/>
  <testcase name="Teardown" time="0.332" classname="testng.Yokologin"/>
  <testcase name="login" time="0.167" classname="testng.Yokologin"/>
  <testcase name="logout" time="1.169" classname="testng.Yokologin"/>
</testsuite> <!-- testng.Yokologin -->
