<?xml version="1.0" encoding="UTF-8"?>
<!-- Generated by org.testng.reporters.JUnitReportReporter -->
<testsuite hostname="BGD-2242-PC" name="testng.ExceptionTimeOutTest" tests="1" failures="0" timestamp="7 Sep 2020 16:54:51 GMT" time="0.236" errors="1">
  <testcase name="infiniteloopTest" time="0.236" classname="testng.ExceptionTimeOutTest">
    <error type="org.testng.internal.thread.ThreadTimeoutException" message="Method org.testng.internal.TestNGMethod.infiniteloopTest() didn&#039;t finish within the time-out 2">
      <![CDATA[org.testng.internal.thread.ThreadTimeoutException: Method org.testng.internal.TestNGMethod.infiniteloopTest() didn't finish within the time-out 2
	at java.io.FileOutputStream.writeBytes(Native Method)
	at java.io.FileOutputStream.write(FileOutputStream.java:326)
	at java.io.BufferedOutputStream.flushBuffer(BufferedOutputStream.java:82)
	at java.io.BufferedOutputStream.flush(BufferedOutputStream.java:140)
	at java.io.PrintStream.write(PrintStream.java:482)
	at sun.nio.cs.StreamEncoder.writeBytes(StreamEncoder.java:221)
	at sun.nio.cs.StreamEncoder.implFlushBuffer(StreamEncoder.java:291)
	at sun.nio.cs.StreamEncoder.flushBuffer(StreamEncoder.java:104)
	at java.io.OutputStreamWriter.flushBuffer(OutputStreamWriter.java:185)
	at java.io.PrintStream.write(PrintStream.java:527)
	at java.io.PrintStream.print(PrintStream.java:597)
	at java.io.PrintStream.println(PrintStream.java:736)
	at testng.ExceptionTimeOutTest.infiniteloopTest(ExceptionTimeOutTest.java:10)
	at sun.reflect.NativeMethodAccessorImpl.invoke0(Native Method)
	at sun.reflect.NativeMethodAccessorImpl.invoke(NativeMethodAccessorImpl.java:62)
	at sun.reflect.DelegatingMethodAccessorImpl.invoke(DelegatingMethodAccessorImpl.java:43)
	at java.lang.reflect.Method.invoke(Method.java:498)
	at org.testng.internal.MethodInvocationHelper.invokeMethod(MethodInvocationHelper.java:100)
	at org.testng.internal.InvokeMethodRunnable.runOne(InvokeMethodRunnable.java:54)
	at org.testng.internal.InvokeMethodRunnable.run(InvokeMethodRunnable.java:40)
	at java.util.concurrent.Executors$RunnableAdapter.call(Executors.java:511)
	at java.util.concurrent.FutureTask.run(FutureTask.java:266)
	at java.util.concurrent.ThreadPoolExecutor.runWorker(ThreadPoolExecutor.java:1149)
	at java.util.concurrent.ThreadPoolExecutor$Worker.run(ThreadPoolExecutor.java:624)
	at java.lang.Thread.run(Thread.java:748)
]]>
    </error>
  </testcase> <!-- infiniteloopTest -->
</testsuite> <!-- testng.ExceptionTimeOutTest -->
