<?xml version="1.0" encoding="UTF-8"?>
<!-- Generated by org.testng.reporters.JUnitReportReporter -->
<testsuite hostname="BGD-2242-PC" name="testng.InvocationCountTest" tests="10" failures="0" timestamp="7 Sep 2020 17:20:09 GMT" time="0.012" errors="0">
  <testcase name="sum" time="0.001" classname="testng.InvocationCountTest"/>
  <testcase name="sum" time="0.000" classname="testng.InvocationCountTest"/>
  <testcase name="sum" time="0.000" classname="testng.InvocationCountTest"/>
  <testcase name="sum" time="0.002" classname="testng.InvocationCountTest"/>
  <testcase name="sum" time="0.003" classname="testng.InvocationCountTest"/>
  <testcase name="sum" time="0.000" classname="testng.InvocationCountTest"/>
  <testcase name="sum" time="0.001" classname="testng.InvocationCountTest"/>
  <testcase name="sum" time="0.001" classname="testng.InvocationCountTest"/>
  <testcase name="sum" time="0.002" classname="testng.InvocationCountTest"/>
  <testcase name="sum" time="0.002" classname="testng.InvocationCountTest"/>
</testsuite> <!-- testng.InvocationCountTest -->
