<?xml version="1.0" encoding="UTF-8"?>
<!-- Generated by org.testng.reporters.JUnitReportReporter -->
<testsuite hostname="BGD-2242-PC" name="testng.TestNgBasics" tests="1" failures="0" timestamp="7 Sep 2020 17:20:09 GMT" time="0.010" errors="0">
  <testcase name="gettitle" time="0.010" classname="testng.TestNgBasics"/>
</testsuite> <!-- testng.TestNgBasics -->
